
> bsc-backend@1.0.0 prestart
> npm run build


> bsc-backend@1.0.0 prebuild
> tslint -c tslint.json -p tsconfig.json --fix


> bsc-backend@1.0.0 build
> tsc


> bsc-backend@1.0.0 start
> node .


> bsc-backend@1.0.0 prestart
> npm run build


> bsc-backend@1.0.0 prebuild
> tslint -c tslint.json -p tsconfig.json --fix


> bsc-backend@1.0.0 build
> tsc


> bsc-backend@1.0.0 start
> node .

server listening at http://localhost:3002
POST /measurement/schuepbach 201 - - 23.459 ms
POST /measurement/schuepbach 201 - - 15.344 ms
POST /measurement/schuepbach 201 - - 15.464 ms
POST /measurement/schuepbach 201 - - 16.619 ms
POST /measurement/schuepbach 201 - - 13.378 ms
POST /measurement/schuepbach 201 - - 14.647 ms
POST /measurement/schuepbach 201 - - 14.211 ms
POST /measurement/schuepbach 201 - - 13.796 ms
POST /measurement/schuepbach 201 - - 13.909 ms
POST /measurement/schuepbach 201 - - 12.764 ms
POST /measurement/schuepbach 201 - - 16.011 ms
POST /measurement/schuepbach 201 - - 13.924 ms
POST /measurement/schuepbach 201 - - 13.997 ms
POST /measurement/schuepbach 201 - - 14.192 ms
POST /measurement/schuepbach 201 - - 14.123 ms
POST /measurement/schuepbach 201 - - 12.788 ms
POST /measurement/schuepbach 201 - - 13.057 ms
POST /measurement/schuepbach 201 - - 12.596 ms
POST /measurement/schuepbach 201 - - 14.808 ms
POST /measurement/schuepbach 201 - - 14.170 ms
POST /measurement/schuepbach 201 - - 13.428 ms
POST /measurement/schuepbach 201 - - 12.596 ms
POST /measurement/schuepbach 201 - - 13.005 ms
POST /measurement/schuepbach 201 - - 14.173 ms
POST /measurement/schuepbach 201 - - 13.771 ms
POST /measurement/schuepbach 201 - - 13.086 ms
POST /measurement/schuepbach 201 - - 15.019 ms
POST /measurement/schuepbach 201 - - 14.092 ms
POST /measurement/schuepbach 201 - - 20.004 ms
POST /measurement/schuepbach 201 - - 13.250 ms
POST /measurement/schuepbach 201 - - 12.035 ms
POST /measurement/schuepbach 201 - - 12.997 ms
POST /measurement/schuepbach 201 - - 12.880 ms
POST /measurement/schuepbach 201 - - 13.670 ms
POST /measurement/schuepbach 201 - - 16.057 ms
POST /measurement/schuepbach 201 - - 13.865 ms
POST /measurement/schuepbach 201 - - 13.582 ms
POST /measurement/schuepbach 201 - - 14.573 ms
POST /measurement/schuepbach 201 - - 16.778 ms
POST /measurement/schuepbach 201 - - 14.099 ms
POST /measurement/schuepbach 201 - - 13.219 ms
POST /measurement/schuepbach 201 - - 13.980 ms
POST /measurement/schuepbach 201 - - 13.676 ms
POST /measurement/schuepbach 201 - - 12.755 ms
POST /measurement/schuepbach 201 - - 13.044 ms
POST /measurement/schuepbach 201 - - 13.269 ms
POST /measurement/schuepbach 201 - - 17.481 ms
POST /measurement/schuepbach 201 - - 13.547 ms
POST /measurement/schuepbach 201 - - 12.882 ms
POST /measurement/schuepbach 201 - - 16.122 ms
POST /measurement/schuepbach 201 - - 12.718 ms
POST /measurement/schuepbach 201 - - 12.722 ms
POST /measurement/schuepbach 201 - - 13.193 ms
POST /measurement/schuepbach 201 - - 12.566 ms
POST /measurement/schuepbach 201 - - 12.735 ms
POST /measurement/schuepbach 201 - - 17.816 ms
POST /measurement/schuepbach 201 - - 13.241 ms
POST /measurement/schuepbach 201 - - 15.286 ms
POST /measurement/schuepbach 201 - - 15.963 ms
POST /measurement/schuepbach 201 - - 13.883 ms
POST /measurement/schuepbach 201 - - 13.144 ms
POST /measurement/schuepbach 201 - - 14.644 ms
POST /measurement/schuepbach 201 - - 16.541 ms
POST /measurement/schuepbach 201 - - 13.968 ms
POST /measurement/schuepbach 201 - - 15.988 ms
POST /measurement/schuepbach 201 - - 16.357 ms
POST /measurement/schuepbach 201 - - 13.596 ms
POST /measurement/schuepbach 201 - - 19.496 ms
POST /measurement/schuepbach 201 - - 13.713 ms
POST /measurement/schuepbach 201 - - 13.810 ms
POST /measurement/schuepbach 201 - - 14.263 ms
POST /measurement/schuepbach 201 - - 13.268 ms
POST /measurement/schuepbach 201 - - 16.130 ms
POST /measurement/schuepbach 201 - - 13.805 ms
POST /measurement/schuepbach 201 - - 13.589 ms
POST /measurement/schuepbach 201 - - 15.748 ms
POST /measurement/schuepbach 201 - - 14.318 ms
POST /measurement/schuepbach 201 - - 13.162 ms
POST /measurement/schuepbach 201 - - 14.057 ms
POST /measurement/schuepbach 201 - - 13.925 ms
POST /measurement/schuepbach 201 - - 15.078 ms
POST /measurement/schuepbach 201 - - 13.186 ms
POST /measurement/schuepbach 201 - - 14.246 ms
POST /measurement/schuepbach 201 - - 16.562 ms
POST /measurement/schuepbach 201 - - 13.590 ms
POST /measurement/schuepbach 201 - - 14.632 ms
POST /measurement/schuepbach 201 - - 13.497 ms
POST /measurement/schuepbach 201 - - 14.190 ms
POST /measurement/schuepbach 201 - - 17.355 ms
POST /measurement/schuepbach 201 - - 18.056 ms
POST /measurement/schuepbach 201 - - 13.893 ms
POST /measurement/schuepbach 201 - - 14.489 ms
POST /measurement/schuepbach 201 - - 12.561 ms
POST /measurement/schuepbach 201 - - 13.966 ms
POST /measurement/schuepbach 201 - - 14.217 ms
POST /measurement/schuepbach 201 - - 13.298 ms
POST /measurement/schuepbach 201 - - 13.489 ms
POST /measurement/schuepbach 201 - - 15.832 ms
POST /measurement/schuepbach 201 - - 15.149 ms
POST /measurement/schuepbach 201 - - 14.028 ms
POST /measurement/schuepbach 201 - - 15.819 ms
POST /measurement/schuepbach 201 - - 13.593 ms
POST /measurement/schuepbach 201 - - 14.560 ms
POST /measurement/schuepbach 201 - - 13.866 ms
POST /measurement/schuepbach 201 - - 13.568 ms
POST /measurement/schuepbach 201 - - 13.611 ms
POST /measurement/schuepbach 201 - - 13.656 ms
POST /measurement/schuepbach 201 - - 14.098 ms
POST /measurement/schuepbach 201 - - 14.163 ms
POST /measurement/schuepbach 201 - - 17.305 ms
POST /measurement/schuepbach 201 - - 11.724 ms
POST /measurement/schuepbach 201 - - 14.474 ms
POST /measurement/schuepbach 201 - - 14.523 ms
POST /measurement/schuepbach 201 - - 14.407 ms
POST /measurement/schuepbach 201 - - 18.174 ms
POST /measurement/schuepbach 201 - - 14.910 ms
POST /measurement/schuepbach 201 - - 12.671 ms
POST /measurement/schuepbach 201 - - 13.848 ms
POST /measurement/schuepbach 201 - - 12.943 ms
POST /measurement/schuepbach 201 - - 13.939 ms
POST /measurement/schuepbach 201 - - 13.690 ms
POST /measurement/schuepbach 201 - - 14.257 ms
POST /measurement/schuepbach 201 - - 15.286 ms
POST /measurement/schuepbach 201 - - 16.793 ms
POST /measurement/schuepbach 201 - - 14.607 ms
POST /measurement/schuepbach 201 - - 15.095 ms
POST /measurement/schuepbach 201 - - 41.557 ms
POST /measurement/schuepbach 201 - - 23.058 ms
POST /measurement/schuepbach 201 - - 22.805 ms
POST /measurement/schuepbach 201 - - 19.221 ms
POST /measurement/schuepbach 201 - - 13.601 ms
POST /measurement/schuepbach 201 - - 15.636 ms
POST /measurement/schuepbach 201 - - 13.868 ms
POST /measurement/schuepbach 201 - - 15.907 ms
POST /measurement/schuepbach 201 - - 15.742 ms
POST /measurement/schuepbach 201 - - 14.636 ms
POST /measurement/schuepbach 201 - - 14.799 ms
POST /measurement/schuepbach 201 - - 14.184 ms
POST /measurement/schuepbach 201 - - 14.582 ms
POST /measurement/schuepbach 201 - - 13.006 ms
POST /measurement/schuepbach 201 - - 177.789 ms
POST /measurement/schuepbach 201 - - 13.525 ms
POST /measurement/schuepbach 201 - - 15.094 ms
POST /measurement/schuepbach 201 - - 14.329 ms
POST /measurement/schuepbach 201 - - 13.395 ms
POST /measurement/schuepbach 201 - - 13.494 ms
POST /measurement/schuepbach 201 - - 13.825 ms
POST /measurement/schuepbach 201 - - 13.859 ms
POST /measurement/schuepbach 201 - - 16.676 ms
POST /measurement/schuepbach 201 - - 13.724 ms
POST /measurement/schuepbach 201 - - 13.772 ms
POST /measurement/schuepbach 201 - - 13.641 ms
POST /measurement/schuepbach 201 - - 13.195 ms
POST /measurement/schuepbach 201 - - 14.014 ms
POST /measurement/schuepbach 201 - - 13.934 ms
POST /measurement/schuepbach 201 - - 16.272 ms
POST /measurement/schuepbach 201 - - 19.145 ms
POST /measurement/schuepbach 201 - - 13.654 ms
POST /measurement/schuepbach 201 - - 15.370 ms
POST /measurement/schuepbach 201 - - 19.769 ms
POST /measurement/schuepbach 201 - - 14.336 ms
POST /measurement/schuepbach 201 - - 15.943 ms
POST /measurement/schuepbach 201 - - 13.742 ms
POST /measurement/schuepbach 201 - - 15.058 ms
POST /measurement/schuepbach 201 - - 14.672 ms
POST /measurement/schuepbach 201 - - 14.901 ms
POST /measurement/schuepbach 201 - - 13.983 ms
POST /measurement/schuepbach 201 - - 14.979 ms
POST /measurement/schuepbach 201 - - 15.187 ms
POST /measurement/schuepbach 201 - - 15.819 ms
POST /measurement/schuepbach 201 - - 33.092 ms
POST /measurement/schuepbach 201 - - 14.437 ms
POST /measurement/schuepbach 201 - - 13.828 ms
POST /measurement/schuepbach 201 - - 14.108 ms
POST /measurement/schuepbach 201 - - 14.048 ms
POST /measurement/schuepbach 201 - - 18.270 ms
POST /measurement/schuepbach 201 - - 17.895 ms
POST /measurement/schuepbach 201 - - 22.679 ms
POST /measurement/schuepbach 201 - - 13.814 ms
POST /measurement/schuepbach 201 - - 15.359 ms
POST /measurement/schuepbach 201 - - 14.005 ms
POST /measurement/schuepbach 201 - - 17.707 ms
POST /measurement/schuepbach 201 - - 14.037 ms
POST /measurement/schuepbach 201 - - 15.426 ms
POST /measurement/schuepbach 201 - - 14.227 ms
POST /measurement/schuepbach 201 - - 16.002 ms
POST /measurement/schuepbach 201 - - 14.361 ms
POST /measurement/schuepbach 201 - - 16.918 ms
POST /measurement/schuepbach 201 - - 14.436 ms
POST /measurement/schuepbach 201 - - 15.443 ms
POST /measurement/schuepbach 201 - - 14.673 ms
POST /measurement/schuepbach 201 - - 14.669 ms
POST /measurement/schuepbach 201 - - 14.140 ms
POST /measurement/schuepbach 201 - - 13.649 ms
POST /measurement/schuepbach 201 - - 13.793 ms
POST /measurement/schuepbach 201 - - 14.524 ms
POST /measurement/schuepbach 201 - - 13.319 ms
POST /measurement/schuepbach 201 - - 15.948 ms
POST /measurement/schuepbach 201 - - 15.085 ms
POST /measurement/schuepbach 201 - - 12.590 ms
POST /measurement/schuepbach 201 - - 14.338 ms
POST /measurement/schuepbach 201 - - 13.879 ms
POST /measurement/schuepbach 201 - - 15.120 ms
POST /measurement/schuepbach 201 - - 12.905 ms
POST /measurement/schuepbach 201 - - 13.981 ms
POST /measurement/schuepbach 201 - - 13.538 ms
POST /measurement/schuepbach 201 - - 14.283 ms
POST /measurement/schuepbach 201 - - 14.232 ms
POST /measurement/schuepbach 201 - - 13.856 ms
POST /measurement/schuepbach 201 - - 13.558 ms
POST /measurement/schuepbach 201 - - 13.940 ms
POST /measurement/schuepbach 201 - - 13.730 ms
POST /measurement/schuepbach 201 - - 15.224 ms
POST /measurement/schuepbach 201 - - 14.465 ms
POST /measurement/schuepbach 201 - - 13.759 ms
POST /measurement/schuepbach 201 - - 14.248 ms
POST /measurement/schuepbach 201 - - 14.452 ms
POST /measurement/schuepbach 201 - - 13.957 ms
POST /measurement/schuepbach 201 - - 13.158 ms
POST /measurement/schuepbach 201 - - 14.864 ms
POST /measurement/schuepbach 201 - - 14.252 ms
POST /measurement/schuepbach 201 - - 15.263 ms
POST /measurement/schuepbach 201 - - 14.220 ms
POST /measurement/schuepbach 201 - - 20.003 ms
POST /measurement/schuepbach 201 - - 14.503 ms
POST /measurement/schuepbach 201 - - 13.955 ms
POST /measurement/schuepbach 201 - - 14.465 ms
POST /measurement/schuepbach 201 - - 14.151 ms
POST /measurement/schuepbach 201 - - 15.686 ms
POST /measurement/schuepbach 201 - - 13.721 ms
POST /measurement/schuepbach 201 - - 14.606 ms
POST /measurement/schuepbach 201 - - 15.888 ms
POST /measurement/schuepbach 201 - - 15.444 ms
POST /measurement/schuepbach 201 - - 14.791 ms
POST /measurement/schuepbach 201 - - 15.381 ms
POST /measurement/schuepbach 201 - - 14.907 ms
POST /measurement/schuepbach 201 - - 15.882 ms
POST /measurement/schuepbach 201 - - 14.115 ms
POST /measurement/schuepbach 201 - - 14.991 ms
POST /measurement/schuepbach 201 - - 14.980 ms
POST /measurement/schuepbach 201 - - 15.657 ms
POST /measurement/schuepbach 201 - - 13.332 ms
POST /measurement/schuepbach 201 - - 95.973 ms
POST /measurement/schuepbach 201 - - 14.680 ms
POST /measurement/schuepbach 201 - - 15.915 ms
POST /measurement/schuepbach 201 - - 15.649 ms
POST /measurement/schuepbach 201 - - 17.465 ms
POST /measurement/schuepbach 201 - - 15.294 ms
POST /measurement/schuepbach 201 - - 16.179 ms
POST /measurement/schuepbach 201 - - 15.211 ms
POST /measurement/schuepbach 201 - - 14.619 ms
POST /measurement/schuepbach 201 - - 15.800 ms
POST /measurement/schuepbach 201 - - 14.613 ms
POST /measurement/schuepbach 201 - - 22.224 ms
POST /measurement/schuepbach 201 - - 15.355 ms
POST /measurement/schuepbach 201 - - 15.552 ms
POST /measurement/schuepbach 201 - - 15.163 ms
POST /measurement/schuepbach 201 - - 13.934 ms
POST /measurement/schuepbach 201 - - 15.305 ms
POST /measurement/schuepbach 201 - - 15.399 ms
POST /measurement/schuepbach 201 - - 19.095 ms
POST /measurement/schuepbach 201 - - 17.170 ms
POST /measurement/schuepbach 201 - - 16.482 ms
POST /measurement/schuepbach 201 - - 14.532 ms
POST /measurement/schuepbach 201 - - 17.755 ms
POST /measurement/schuepbach 201 - - 15.566 ms
POST /measurement/schuepbach 201 - - 20.145 ms
POST /measurement/schuepbach 201 - - 15.892 ms
POST /measurement/schuepbach 201 - - 15.049 ms
POST /measurement/schuepbach 201 - - 15.058 ms
POST /measurement/schuepbach 201 - - 14.500 ms
POST /measurement/schuepbach 201 - - 14.842 ms
POST /measurement/schuepbach 201 - - 14.068 ms
POST /measurement/schuepbach 201 - - 15.252 ms
POST /measurement/schuepbach 201 - - 19.278 ms
POST /measurement/schuepbach 201 - - 14.669 ms
POST /measurement/schuepbach 201 - - 15.714 ms
POST /measurement/schuepbach 201 - - 14.711 ms
POST /measurement/schuepbach 201 - - 16.371 ms
POST /measurement/schuepbach 201 - - 14.225 ms
POST /measurement/schuepbach 201 - - 16.656 ms
POST /measurement/schuepbach 201 - - 18.513 ms
POST /measurement/schuepbach 201 - - 15.110 ms
POST /measurement/schuepbach 201 - - 16.340 ms
POST /measurement/schuepbach 201 - - 16.473 ms
POST /measurement/schuepbach 201 - - 15.029 ms
POST /measurement/schuepbach 201 - - 15.342 ms
POST /measurement/schuepbach 201 - - 16.208 ms
POST /measurement/schuepbach 201 - - 26.490 ms
POST /measurement/schuepbach 201 - - 14.796 ms
POST /measurement/schuepbach 201 - - 14.873 ms
POST /measurement/schuepbach 201 - - 15.418 ms
POST /measurement/schuepbach 201 - - 14.610 ms
POST /measurement/schuepbach 201 - - 14.115 ms
POST /measurement/schuepbach 201 - - 14.599 ms
POST /measurement/schuepbach 201 - - 16.452 ms
POST /measurement/schuepbach 201 - - 15.189 ms
POST /measurement/schuepbach 201 - - 14.785 ms
POST /measurement/schuepbach 201 - - 15.777 ms
POST /measurement/schuepbach 201 - - 15.714 ms
POST /measurement/schuepbach 201 - - 17.572 ms
POST /measurement/schuepbach 201 - - 14.297 ms
POST /measurement/schuepbach 201 - - 15.799 ms
POST /measurement/schuepbach 201 - - 19.182 ms
POST /measurement/schuepbach 201 - - 33.870 ms
POST /measurement/schuepbach 201 - - 14.713 ms
POST /measurement/schuepbach 201 - - 15.597 ms
POST /measurement/schuepbach 201 - - 14.384 ms
POST /measurement/schuepbach 201 - - 14.158 ms
POST /measurement/schuepbach 201 - - 15.874 ms
POST /measurement/schuepbach 201 - - 17.096 ms
POST /measurement/schuepbach 201 - - 17.439 ms
POST /measurement/schuepbach 201 - - 14.240 ms
POST /measurement/schuepbach 201 - - 14.506 ms
POST /measurement/schuepbach 201 - - 14.633 ms
POST /measurement/schuepbach 201 - - 16.738 ms
POST /measurement/schuepbach 201 - - 15.483 ms
POST /measurement/schuepbach 201 - - 16.805 ms
POST /measurement/schuepbach 201 - - 23.384 ms
POST /measurement/schuepbach 201 - - 17.272 ms
POST /measurement/schuepbach 201 - - 16.092 ms
POST /measurement/schuepbach 201 - - 13.546 ms
POST /measurement/schuepbach 201 - - 15.293 ms
POST /measurement/schuepbach 201 - - 14.774 ms
POST /measurement/schuepbach 201 - - 15.047 ms
POST /measurement/schuepbach 201 - - 15.379 ms
POST /measurement/schuepbach 201 - - 19.945 ms
POST /measurement/schuepbach 201 - - 14.931 ms
POST /measurement/schuepbach 201 - - 15.247 ms
POST /measurement/schuepbach 201 - - 14.445 ms
POST /measurement/schuepbach 201 - - 14.896 ms
POST /measurement/schuepbach 201 - - 13.806 ms
POST /measurement/schuepbach 201 - - 14.756 ms
POST /measurement/schuepbach 201 - - 16.747 ms
POST /measurement/schuepbach 201 - - 18.158 ms
POST /measurement/schuepbach 201 - - 15.356 ms
POST /measurement/schuepbach 201 - - 17.087 ms
POST /measurement/schuepbach 201 - - 13.676 ms
POST /measurement/schuepbach 201 - - 14.526 ms
POST /measurement/schuepbach 201 - - 14.460 ms
POST /measurement/schuepbach 201 - - 15.462 ms
POST /measurement/schuepbach 201 - - 16.841 ms
POST /measurement/schuepbach 201 - - 15.611 ms
POST /measurement/schuepbach 201 - - 15.240 ms
POST /measurement/schuepbach 201 - - 26.183 ms
POST /measurement/schuepbach 201 - - 15.526 ms
POST /measurement/schuepbach 201 - - 16.432 ms
POST /measurement/schuepbach 201 - - 15.773 ms
POST /measurement/schuepbach 201 - - 14.012 ms
POST /measurement/schuepbach 201 - - 20.305 ms
POST /measurement/schuepbach 201 - - 18.011 ms
POST /measurement/schuepbach 201 - - 16.402 ms
POST /measurement/schuepbach 201 - - 15.745 ms
POST /measurement/schuepbach 201 - - 18.239 ms
POST /measurement/schuepbach 201 - - 14.615 ms
POST /measurement/schuepbach 201 - - 14.799 ms
POST /measurement/schuepbach 201 - - 19.516 ms
POST /measurement/schuepbach 201 - - 14.244 ms
POST /measurement/schuepbach 201 - - 15.318 ms
POST /measurement/schuepbach 201 - - 14.670 ms
POST /measurement/schuepbach 201 - - 16.490 ms
POST /measurement/schuepbach 201 - - 15.422 ms
POST /measurement/schuepbach 201 - - 16.886 ms
POST /measurement/schuepbach 201 - - 20.893 ms
POST /measurement/schuepbach 201 - - 16.253 ms
POST /measurement/schuepbach 201 - - 17.587 ms
POST /measurement/schuepbach 201 - - 15.857 ms
POST /measurement/schuepbach 201 - - 15.185 ms
POST /measurement/schuepbach 201 - - 20.034 ms
POST /measurement/schuepbach 201 - - 16.499 ms
POST /measurement/schuepbach 201 - - 19.882 ms
POST /measurement/schuepbach 201 - - 18.219 ms
POST /measurement/schuepbach 201 - - 15.978 ms
POST /measurement/schuepbach 201 - - 14.984 ms
POST /measurement/schuepbach 201 - - 14.794 ms
POST /measurement/schuepbach 201 - - 17.637 ms
POST /measurement/schuepbach 201 - - 15.729 ms
POST /measurement/schuepbach 201 - - 17.925 ms
POST /measurement/schuepbach 201 - - 18.449 ms
POST /measurement/schuepbach 201 - - 15.657 ms
POST /measurement/schuepbach 201 - - 15.408 ms
POST /measurement/schuepbach 201 - - 16.567 ms
POST /measurement/schuepbach 201 - - 17.589 ms
POST /measurement/schuepbach 201 - - 15.477 ms
POST /measurement/schuepbach 201 - - 30.882 ms
POST /measurement/schuepbach 201 - - 14.817 ms
POST /measurement/schuepbach 201 - - 92.045 ms
POST /measurement/schuepbach 201 - - 140.754 ms
POST /measurement/schuepbach 201 - - 15.577 ms
POST /measurement/schuepbach 201 - - 14.330 ms
POST /measurement/schuepbach 201 - - 16.421 ms
POST /measurement/schuepbach 201 - - 17.259 ms
POST /measurement/schuepbach 201 - - 15.111 ms
POST /measurement/schuepbach 201 - - 15.448 ms
POST /measurement/schuepbach 201 - - 15.716 ms
POST /measurement/schuepbach 201 - - 14.575 ms
POST /measurement/schuepbach 201 - - 13.904 ms
POST /measurement/schuepbach 201 - - 14.577 ms
POST /measurement/schuepbach 201 - - 15.620 ms
POST /measurement/schuepbach 201 - - 14.136 ms
POST /measurement/schuepbach 201 - - 15.196 ms
POST /measurement/schuepbach 201 - - 14.483 ms
POST /measurement/schuepbach 201 - - 15.399 ms
POST /measurement/schuepbach 201 - - 13.517 ms
POST /measurement/schuepbach 201 - - 14.710 ms
POST /measurement/schuepbach 201 - - 15.530 ms
POST /measurement/schuepbach 201 - - 14.805 ms
POST /measurement/schuepbach 201 - - 16.975 ms
POST /measurement/schuepbach 201 - - 15.763 ms
POST /measurement/schuepbach 201 - - 15.605 ms
POST /measurement/schuepbach 201 - - 15.120 ms
POST /measurement/schuepbach 201 - - 15.602 ms
POST /measurement/schuepbach 201 - - 16.397 ms
POST /measurement/schuepbach 201 - - 15.907 ms
POST /measurement/schuepbach 201 - - 17.650 ms
POST /measurement/schuepbach 201 - - 15.087 ms
POST /measurement/schuepbach 201 - - 25.843 ms
POST /measurement/schuepbach 201 - - 16.287 ms
POST /measurement/schuepbach 201 - - 22.646 ms
POST /measurement/schuepbach 201 - - 15.052 ms
POST /measurement/schuepbach 201 - - 14.567 ms
POST /measurement/schuepbach 201 - - 15.096 ms
POST /measurement/schuepbach 201 - - 15.744 ms
POST /measurement/schuepbach 201 - - 15.253 ms
POST /measurement/schuepbach 201 - - 15.488 ms
POST /measurement/schuepbach 201 - - 14.863 ms
POST /measurement/schuepbach 201 - - 15.453 ms
POST /measurement/schuepbach 201 - - 14.605 ms
POST /measurement/schuepbach 201 - - 14.634 ms
POST /measurement/schuepbach 201 - - 15.676 ms
POST /measurement/schuepbach 201 - - 14.932 ms
POST /measurement/schuepbach 201 - - 15.489 ms
POST /measurement/schuepbach 201 - - 17.162 ms
POST /measurement/schuepbach 201 - - 14.781 ms
POST /measurement/schuepbach 201 - - 14.630 ms
POST /measurement/schuepbach 201 - - 14.753 ms
POST /measurement/schuepbach 201 - - 18.224 ms
POST /measurement/schuepbach 201 - - 15.412 ms
POST /measurement/schuepbach 201 - - 13.915 ms
POST /measurement/schuepbach 201 - - 15.279 ms
POST /measurement/schuepbach 201 - - 15.341 ms
POST /measurement/schuepbach 201 - - 16.304 ms
POST /measurement/schuepbach 201 - - 17.154 ms
POST /measurement/schuepbach 201 - - 14.507 ms
POST /measurement/schuepbach 201 - - 14.127 ms
POST /measurement/schuepbach 201 - - 15.936 ms
POST /measurement/schuepbach 201 - - 15.260 ms
POST /measurement/schuepbach 201 - - 14.855 ms
POST /measurement/schuepbach 201 - - 14.187 ms
POST /measurement/schuepbach 201 - - 16.411 ms
POST /measurement/schuepbach 201 - - 15.563 ms
POST /measurement/schuepbach 201 - - 14.526 ms
POST /measurement/schuepbach 201 - - 16.026 ms
POST /measurement/schuepbach 201 - - 14.697 ms
POST /measurement/schuepbach 201 - - 18.079 ms
POST /measurement/schuepbach 201 - - 13.831 ms
POST /measurement/schuepbach 201 - - 16.100 ms
POST /measurement/schuepbach 201 - - 16.057 ms
POST /measurement/schuepbach 201 - - 14.477 ms
POST /measurement/schuepbach 201 - - 22.377 ms
POST /measurement/schuepbach 201 - - 15.933 ms
POST /measurement/schuepbach 201 - - 15.617 ms
POST /measurement/schuepbach 201 - - 21.117 ms
POST /measurement/schuepbach 201 - - 16.170 ms
POST /measurement/schuepbach 201 - - 19.742 ms
POST /measurement/schuepbach 201 - - 14.994 ms
POST /measurement/schuepbach 201 - - 14.666 ms
POST /measurement/schuepbach 201 - - 15.854 ms
POST /measurement/schuepbach 201 - - 13.273 ms
POST /measurement/schuepbach 201 - - 16.263 ms
POST /measurement/schuepbach 201 - - 14.407 ms
POST /measurement/schuepbach 201 - - 14.536 ms
POST /measurement/schuepbach 201 - - 12.404 ms
POST /measurement/schuepbach 201 - - 14.696 ms
POST /measurement/schuepbach 201 - - 23.101 ms
POST /measurement/schuepbach 201 - - 15.044 ms
POST /measurement/schuepbach 201 - - 12.413 ms
POST /measurement/schuepbach 201 - - 22.268 ms
POST /measurement/schuepbach 201 - - 13.665 ms
POST /measurement/schuepbach 201 - - 16.923 ms
POST /measurement/schuepbach 201 - - 13.715 ms
POST /measurement/schuepbach 201 - - 13.895 ms
POST /measurement/schuepbach 201 - - 13.570 ms
POST /measurement/schuepbach 201 - - 14.240 ms
POST /measurement/schuepbach 201 - - 14.624 ms
POST /measurement/schuepbach 201 - - 14.791 ms
POST /measurement/schuepbach 201 - - 13.345 ms
POST /measurement/schuepbach 201 - - 14.652 ms
POST /measurement/schuepbach 201 - - 15.079 ms
POST /measurement/schuepbach 201 - - 14.708 ms
POST /measurement/schuepbach 201 - - 13.106 ms
POST /measurement/schuepbach 201 - - 15.596 ms
POST /measurement/schuepbach 201 - - 14.419 ms
POST /measurement/schuepbach 201 - - 15.778 ms
POST /measurement/schuepbach 201 - - 14.179 ms
POST /measurement/schuepbach 201 - - 14.673 ms
POST /measurement/schuepbach 201 - - 14.655 ms
POST /measurement/schuepbach 201 - - 14.889 ms
POST /measurement/schuepbach 201 - - 13.505 ms
POST /measurement/schuepbach 201 - - 14.777 ms
POST /measurement/schuepbach 201 - - 14.950 ms
POST /measurement/schuepbach 201 - - 14.979 ms
POST /measurement/schuepbach 201 - - 15.159 ms
POST /measurement/schuepbach 201 - - 15.363 ms
POST /measurement/schuepbach 201 - - 14.728 ms
POST /measurement/schuepbach 201 - - 15.083 ms
POST /measurement/schuepbach 201 - - 13.855 ms
POST /measurement/schuepbach 201 - - 14.262 ms
POST /measurement/schuepbach 201 - - 15.966 ms
POST /measurement/schuepbach 201 - - 13.817 ms
POST /measurement/schuepbach 201 - - 14.771 ms
POST /measurement/schuepbach 201 - - 15.204 ms
POST /measurement/schuepbach 201 - - 13.172 ms
POST /measurement/schuepbach 201 - - 18.436 ms
POST /measurement/schuepbach 201 - - 13.854 ms
POST /measurement/schuepbach 201 - - 16.995 ms
POST /measurement/schuepbach 201 - - 20.036 ms
POST /measurement/schuepbach 201 - - 14.853 ms
POST /measurement/schuepbach 201 - - 15.304 ms
POST /measurement/schuepbach 201 - - 13.876 ms
POST /measurement/schuepbach 201 - - 17.298 ms
POST /measurement/schuepbach 201 - - 16.115 ms
POST /measurement/schuepbach 201 - - 15.319 ms
POST /measurement/schuepbach 201 - - 81.429 ms
POST /measurement/schuepbach 201 - - 13.665 ms
POST /measurement/schuepbach 201 - - 13.788 ms
POST /measurement/schuepbach 201 - - 14.521 ms
POST /measurement/schuepbach 201 - - 14.335 ms
POST /measurement/schuepbach 201 - - 14.340 ms
POST /measurement/schuepbach 201 - - 17.513 ms
POST /measurement/schuepbach 201 - - 13.981 ms
POST /measurement/schuepbach 201 - - 16.974 ms
POST /measurement/schuepbach 201 - - 13.598 ms
POST /measurement/schuepbach 201 - - 14.500 ms
POST /measurement/schuepbach 201 - - 13.644 ms
POST /measurement/schuepbach 201 - - 16.903 ms
POST /measurement/schuepbach 201 - - 13.726 ms
POST /measurement/schuepbach 201 - - 15.418 ms
POST /measurement/schuepbach 201 - - 16.912 ms
POST /measurement/schuepbach 201 - - 14.898 ms
POST /measurement/schuepbach 201 - - 14.106 ms
POST /measurement/schuepbach 201 - - 14.250 ms
POST /measurement/schuepbach 201 - - 15.432 ms
POST /measurement/schuepbach 201 - - 14.565 ms
POST /measurement/schuepbach 201 - - 14.661 ms
POST /measurement/schuepbach 201 - - 14.825 ms
POST /measurement/schuepbach 201 - - 14.305 ms
POST /measurement/schuepbach 201 - - 14.752 ms
POST /measurement/schuepbach 201 - - 17.628 ms
POST /measurement/schuepbach 201 - - 13.583 ms
POST /measurement/schuepbach 201 - - 16.568 ms
POST /measurement/schuepbach 201 - - 15.008 ms
POST /measurement/schuepbach 201 - - 14.323 ms
POST /measurement/schuepbach 201 - - 15.513 ms
POST /measurement/schuepbach 201 - - 14.622 ms
POST /measurement/schuepbach 201 - - 14.201 ms
POST /measurement/schuepbach 201 - - 15.902 ms
POST /measurement/schuepbach 201 - - 14.200 ms
POST /measurement/schuepbach 201 - - 14.635 ms
POST /measurement/schuepbach 201 - - 15.338 ms
POST /measurement/schuepbach 201 - - 14.589 ms
POST /measurement/schuepbach 201 - - 15.150 ms
POST /measurement/schuepbach 201 - - 13.885 ms
POST /measurement/schuepbach 201 - - 20.422 ms
POST /measurement/schuepbach 201 - - 14.279 ms
POST /measurement/schuepbach 201 - - 13.796 ms
POST /measurement/schuepbach 201 - - 16.953 ms
POST /measurement/schuepbach 201 - - 13.581 ms
POST /measurement/schuepbach 201 - - 14.904 ms
POST /measurement/schuepbach 201 - - 13.984 ms
POST /measurement/schuepbach 201 - - 404.517 ms
POST /measurement/schuepbach 201 - - 25.115 ms
POST /measurement/schuepbach 201 - - 154.722 ms
POST /measurement/schuepbach 201 - - 24.021 ms
POST /measurement/schuepbach 201 - - 14.872 ms
POST /measurement/schuepbach 201 - - 16.416 ms
POST /measurement/schuepbach 201 - - 14.709 ms
POST /measurement/schuepbach 201 - - 14.084 ms
POST /measurement/schuepbach 201 - - 14.067 ms
POST /measurement/schuepbach 201 - - 64.760 ms
POST /measurement/schuepbach 201 - - 108.480 ms
POST /measurement/schuepbach 201 - - 17.746 ms
POST /measurement/schuepbach 201 - - 18.003 ms
POST /measurement/schuepbach 201 - - 17.507 ms
POST /measurement/schuepbach 201 - - 41.340 ms
POST /measurement/schuepbach 201 - - 18.471 ms
POST /measurement/schuepbach 201 - - 14.423 ms
POST /measurement/schuepbach 201 - - 199.027 ms
POST /measurement/schuepbach 201 - - 14.422 ms
POST /measurement/schuepbach 201 - - 13.764 ms
POST /measurement/schuepbach 201 - - 15.483 ms
POST /measurement/schuepbach 201 - - 17.147 ms
POST /measurement/schuepbach 201 - - 16.085 ms
POST /measurement/schuepbach 201 - - 14.276 ms
POST /measurement/schuepbach 201 - - 18.657 ms
POST /measurement/schuepbach 201 - - 89.075 ms
POST /measurement/schuepbach 201 - - 14.337 ms
POST /measurement/schuepbach 201 - - 65.959 ms
POST /measurement/schuepbach 201 - - 16.165 ms
POST /measurement/schuepbach 201 - - 14.847 ms
POST /measurement/schuepbach 201 - - 13.861 ms
POST /measurement/schuepbach 201 - - 14.746 ms
POST /measurement/schuepbach 201 - - 14.877 ms
POST /measurement/schuepbach 201 - - 14.282 ms
POST /measurement/schuepbach 201 - - 166.917 ms
POST /measurement/schuepbach 201 - - 13.936 ms
POST /measurement/schuepbach 201 - - 14.282 ms
POST /measurement/schuepbach 201 - - 15.797 ms
POST /measurement/schuepbach 201 - - 20.784 ms
POST /measurement/schuepbach 201 - - 13.683 ms
POST /measurement/schuepbach 201 - - 19.023 ms
POST /measurement/schuepbach 201 - - 15.603 ms
POST /measurement/schuepbach 201 - - 14.077 ms
POST /measurement/schuepbach 201 - - 16.439 ms
POST /measurement/schuepbach 201 - - 14.474 ms
POST /measurement/schuepbach 201 - - 17.064 ms
POST /measurement/schuepbach 201 - - 14.432 ms
POST /measurement/schuepbach 201 - - 13.203 ms
POST /measurement/schuepbach 201 - - 13.746 ms
POST /measurement/schuepbach 201 - - 13.690 ms
POST /measurement/schuepbach 201 - - 14.015 ms
POST /measurement/schuepbach 201 - - 17.496 ms
POST /measurement/schuepbach 201 - - 15.578 ms
POST /measurement/schuepbach 201 - - 16.099 ms
POST /measurement/schuepbach 201 - - 14.464 ms
POST /measurement/schuepbach 201 - - 13.993 ms
POST /measurement/schuepbach 201 - - 15.709 ms
POST /measurement/schuepbach 201 - - 15.360 ms
POST /measurement/schuepbach 201 - - 13.155 ms
POST /measurement/schuepbach 201 - - 26.997 ms
POST /measurement/schuepbach 201 - - 15.109 ms
POST /measurement/schuepbach 201 - - 15.432 ms
POST /measurement/schuepbach 201 - - 13.286 ms
POST /measurement/schuepbach 201 - - 14.395 ms
POST /measurement/schuepbach 201 - - 13.132 ms
POST /measurement/schuepbach 201 - - 14.745 ms
POST /measurement/schuepbach 201 - - 12.863 ms
POST /measurement/schuepbach 201 - - 14.094 ms
POST /measurement/schuepbach 201 - - 13.514 ms
POST /measurement/schuepbach 201 - - 14.167 ms
POST /measurement/schuepbach 201 - - 14.381 ms
POST /measurement/schuepbach 201 - - 13.840 ms
POST /measurement/schuepbach 201 - - 13.804 ms
POST /measurement/schuepbach 201 - - 13.547 ms
POST /measurement/schuepbach 201 - - 14.141 ms
POST /measurement/schuepbach 201 - - 13.086 ms
POST /measurement/schuepbach 201 - - 13.691 ms
POST /measurement/schuepbach 201 - - 15.919 ms
POST /measurement/schuepbach 201 - - 13.726 ms
POST /measurement/schuepbach 201 - - 16.048 ms
POST /measurement/schuepbach 201 - - 21.397 ms
POST /measurement/schuepbach 201 - - 14.348 ms
POST /measurement/schuepbach 201 - - 14.955 ms
POST /measurement/schuepbach 201 - - 14.444 ms
POST /measurement/schuepbach 201 - - 14.737 ms
POST /measurement/schuepbach 201 - - 14.662 ms
POST /measurement/schuepbach 201 - - 13.971 ms
POST /measurement/schuepbach 201 - - 15.780 ms
POST /measurement/schuepbach 201 - - 16.956 ms
POST /measurement/schuepbach 201 - - 17.683 ms
POST /measurement/schuepbach 201 - - 13.839 ms
POST /measurement/schuepbach 201 - - 13.938 ms
POST /measurement/schuepbach 201 - - 17.441 ms
POST /measurement/schuepbach 201 - - 14.263 ms
POST /measurement/schuepbach 201 - - 15.716 ms
POST /measurement/schuepbach 201 - - 16.005 ms
POST /measurement/schuepbach 201 - - 13.495 ms
POST /measurement/schuepbach 201 - - 14.177 ms
POST /measurement/schuepbach 201 - - 15.312 ms
POST /measurement/schuepbach 201 - - 17.294 ms
POST /measurement/schuepbach 201 - - 13.591 ms
POST /measurement/schuepbach 201 - - 13.804 ms
POST /measurement/schuepbach 201 - - 19.390 ms
POST /measurement/schuepbach 201 - - 13.963 ms
POST /measurement/schuepbach 201 - - 109.237 ms
POST /measurement/schuepbach 201 - - 13.946 ms
POST /measurement/schuepbach 201 - - 16.397 ms
POST /measurement/schuepbach 201 - - 14.700 ms
POST /measurement/schuepbach 201 - - 14.703 ms
POST /measurement/schuepbach 201 - - 15.167 ms
POST /measurement/schuepbach 201 - - 13.662 ms
POST /measurement/schuepbach 201 - - 13.061 ms
POST /measurement/schuepbach 201 - - 14.118 ms
POST /measurement/schuepbach 201 - - 13.522 ms
POST /measurement/schuepbach 201 - - 16.477 ms
POST /measurement/schuepbach 201 - - 19.143 ms
POST /measurement/schuepbach 201 - - 15.128 ms
POST /measurement/schuepbach 201 - - 25.775 ms
POST /measurement/schuepbach 201 - - 13.746 ms
POST /measurement/schuepbach 201 - - 14.540 ms
POST /measurement/schuepbach 201 - - 14.075 ms
POST /measurement/schuepbach 201 - - 13.052 ms
POST /measurement/schuepbach 201 - - 13.483 ms
POST /measurement/schuepbach 201 - - 15.879 ms
POST /measurement/schuepbach 201 - - 12.940 ms
POST /measurement/schuepbach 201 - - 14.183 ms
POST /measurement/schuepbach 201 - - 12.747 ms
POST /measurement/schuepbach 201 - - 13.067 ms
POST /measurement/schuepbach 201 - - 13.656 ms
POST /measurement/schuepbach 201 - - 14.561 ms
POST /measurement/schuepbach 201 - - 13.934 ms
POST /measurement/schuepbach 201 - - 14.336 ms
POST /measurement/schuepbach 201 - - 15.010 ms
POST /measurement/schuepbach 201 - - 14.474 ms
POST /measurement/schuepbach 201 - - 22.252 ms
POST /measurement/schuepbach 201 - - 14.249 ms
POST /measurement/schuepbach 201 - - 14.975 ms
POST /measurement/schuepbach 201 - - 15.262 ms
POST /measurement/schuepbach 201 - - 13.269 ms
POST /measurement/schuepbach 201 - - 13.375 ms
POST /measurement/schuepbach 201 - - 13.375 ms
POST /measurement/schuepbach 201 - - 14.980 ms
POST /measurement/schuepbach 201 - - 13.448 ms
POST /measurement/schuepbach 201 - - 14.087 ms
POST /measurement/schuepbach 201 - - 128.159 ms
POST /measurement/schuepbach 201 - - 14.990 ms
POST /measurement/schuepbach 201 - - 14.897 ms
POST /measurement/schuepbach 201 - - 16.429 ms
POST /measurement/schuepbach 201 - - 13.339 ms
POST /measurement/schuepbach 201 - - 15.139 ms
POST /measurement/schuepbach 201 - - 17.692 ms
POST /measurement/schuepbach 201 - - 13.145 ms
POST /measurement/schuepbach 201 - - 14.276 ms
POST /measurement/schuepbach 201 - - 14.005 ms
POST /measurement/schuepbach 201 - - 14.655 ms
POST /measurement/schuepbach 201 - - 14.210 ms
POST /measurement/schuepbach 201 - - 13.551 ms
POST /measurement/schuepbach 201 - - 13.424 ms
POST /measurement/schuepbach 201 - - 13.935 ms
POST /measurement/schuepbach 201 - - 14.768 ms
POST /measurement/schuepbach 201 - - 14.284 ms
POST /measurement/schuepbach 201 - - 19.716 ms
POST /measurement/schuepbach 201 - - 14.360 ms
POST /measurement/schuepbach 201 - - 18.186 ms
POST /measurement/schuepbach 201 - - 13.151 ms
POST /measurement/schuepbach 201 - - 14.055 ms
POST /measurement/schuepbach 201 - - 13.907 ms
POST /measurement/schuepbach 201 - - 13.555 ms
POST /measurement/schuepbach 201 - - 15.748 ms
POST /measurement/schuepbach 201 - - 13.436 ms
POST /measurement/schuepbach 201 - - 13.782 ms
POST /measurement/schuepbach 201 - - 13.320 ms
POST /measurement/schuepbach 201 - - 13.586 ms
POST /measurement/schuepbach 201 - - 16.247 ms
POST /measurement/schuepbach 201 - - 13.713 ms
POST /measurement/schuepbach 201 - - 13.459 ms
POST /measurement/schuepbach 201 - - 14.888 ms
POST /measurement/schuepbach 201 - - 14.775 ms
POST /measurement/schuepbach 201 - - 12.531 ms
POST /measurement/schuepbach 201 - - 14.622 ms
POST /measurement/schuepbach 201 - - 13.983 ms
POST /measurement/schuepbach 201 - - 14.303 ms
POST /measurement/schuepbach 201 - - 13.424 ms
POST /measurement/schuepbach 201 - - 14.108 ms
POST /measurement/schuepbach 201 - - 13.302 ms
POST /measurement/schuepbach 201 - - 13.926 ms
POST /measurement/schuepbach 201 - - 13.367 ms
POST /measurement/schuepbach 201 - - 14.081 ms
POST /measurement/schuepbach 201 - - 15.250 ms
POST /measurement/schuepbach 201 - - 14.704 ms
POST /measurement/schuepbach 201 - - 13.286 ms
POST /measurement/schuepbach 201 - - 14.553 ms
POST /measurement/schuepbach 201 - - 13.189 ms
POST /measurement/schuepbach 201 - - 15.757 ms
POST /measurement/schuepbach 201 - - 13.299 ms
POST /measurement/schuepbach 201 - - 13.227 ms
POST /measurement/schuepbach 201 - - 13.728 ms
POST /measurement/schuepbach 201 - - 14.826 ms
POST /measurement/schuepbach 201 - - 14.556 ms
POST /measurement/schuepbach 201 - - 13.304 ms
POST /measurement/schuepbach 201 - - 13.279 ms
POST /measurement/schuepbach 201 - - 13.500 ms
POST /measurement/schuepbach 201 - - 14.671 ms
POST /measurement/schuepbach 201 - - 13.980 ms
POST /measurement/schuepbach 201 - - 15.023 ms
POST /measurement/schuepbach 201 - - 16.760 ms
POST /measurement/schuepbach 201 - - 14.766 ms
POST /measurement/schuepbach 201 - - 14.243 ms
POST /measurement/schuepbach 201 - - 14.786 ms
POST /measurement/schuepbach 201 - - 14.308 ms
POST /measurement/schuepbach 201 - - 15.112 ms
POST /measurement/schuepbach 201 - - 14.923 ms
POST /measurement/schuepbach 201 - - 17.996 ms
POST /measurement/schuepbach 201 - - 14.207 ms
POST /measurement/schuepbach 201 - - 14.548 ms
POST /measurement/schuepbach 201 - - 14.611 ms
POST /measurement/schuepbach 201 - - 14.241 ms
POST /measurement/schuepbach 201 - - 14.276 ms
POST /measurement/schuepbach 201 - - 17.509 ms
POST /measurement/schuepbach 201 - - 15.163 ms
POST /measurement/schuepbach 201 - - 13.838 ms
POST /measurement/schuepbach 201 - - 15.159 ms
POST /measurement/schuepbach 201 - - 14.000 ms
POST /measurement/schuepbach 201 - - 14.287 ms
POST /measurement/schuepbach 201 - - 14.638 ms
POST /measurement/schuepbach 201 - - 20.640 ms
POST /measurement/schuepbach 201 - - 14.949 ms
POST /measurement/schuepbach 201 - - 18.471 ms
POST /measurement/schuepbach 201 - - 12.937 ms
POST /measurement/schuepbach 201 - - 14.167 ms
POST /measurement/schuepbach 201 - - 14.217 ms
POST /measurement/schuepbach 201 - - 13.963 ms
POST /measurement/schuepbach 201 - - 44.783 ms
POST /measurement/schuepbach 201 - - 18.432 ms
POST /measurement/schuepbach 201 - - 16.274 ms
POST /measurement/schuepbach 201 - - 14.379 ms
POST /measurement/schuepbach 201 - - 15.605 ms
POST /measurement/schuepbach 201 - - 15.017 ms
POST /measurement/schuepbach 201 - - 13.863 ms
POST /measurement/schuepbach 201 - - 13.617 ms
POST /measurement/schuepbach 201 - - 13.680 ms
POST /measurement/schuepbach 201 - - 14.290 ms
POST /measurement/schuepbach 201 - - 14.831 ms
POST /measurement/schuepbach 201 - - 12.955 ms
POST /measurement/schuepbach 201 - - 13.618 ms
POST /measurement/schuepbach 201 - - 15.147 ms
POST /measurement/schuepbach 201 - - 13.842 ms
POST /measurement/schuepbach 201 - - 16.590 ms
POST /measurement/schuepbach 201 - - 14.382 ms
POST /measurement/schuepbach 201 - - 14.411 ms
POST /measurement/schuepbach 201 - - 17.018 ms
POST /measurement/schuepbach 201 - - 13.137 ms
POST /measurement/schuepbach 201 - - 14.413 ms
POST /measurement/schuepbach 201 - - 15.870 ms
POST /measurement/schuepbach 201 - - 19.973 ms
POST /measurement/schuepbach 201 - - 13.904 ms
POST /measurement/schuepbach 201 - - 13.149 ms
POST /measurement/schuepbach 201 - - 15.041 ms
POST /measurement/schuepbach 201 - - 14.410 ms
POST /measurement/schuepbach 201 - - 15.707 ms
POST /measurement/schuepbach 201 - - 15.209 ms
POST /measurement/schuepbach 201 - - 19.207 ms
POST /measurement/schuepbach 201 - - 16.560 ms
POST /measurement/schuepbach 201 - - 38.506 ms
POST /measurement/schuepbach 201 - - 15.765 ms
POST /measurement/schuepbach 201 - - 16.768 ms
POST /measurement/schuepbach 201 - - 15.390 ms
POST /measurement/schuepbach 201 - - 18.271 ms
POST /measurement/schuepbach 201 - - 15.486 ms
POST /measurement/schuepbach 201 - - 17.563 ms
POST /measurement/schuepbach 201 - - 18.036 ms
POST /measurement/schuepbach 201 - - 15.583 ms
POST /measurement/schuepbach 201 - - 20.349 ms
POST /measurement/schuepbach 201 - - 17.167 ms
POST /measurement/schuepbach 201 - - 24.271 ms
POST /measurement/schuepbach 201 - - 15.686 ms
POST /measurement/schuepbach 201 - - 17.179 ms
POST /measurement/schuepbach 201 - - 16.802 ms
POST /measurement/schuepbach 201 - - 82.946 ms
POST /measurement/schuepbach 201 - - 15.454 ms
POST /measurement/schuepbach 201 - - 15.497 ms
POST /measurement/schuepbach 201 - - 14.023 ms
POST /measurement/schuepbach 201 - - 15.028 ms
POST /measurement/schuepbach 201 - - 14.139 ms
POST /measurement/schuepbach 201 - - 15.425 ms
POST /measurement/schuepbach 201 - - 16.283 ms
POST /measurement/schuepbach 201 - - 14.612 ms
POST /measurement/schuepbach 201 - - 15.060 ms
POST /measurement/schuepbach 201 - - 18.300 ms
POST /measurement/schuepbach 201 - - 14.251 ms
POST /measurement/schuepbach 201 - - 14.910 ms
POST /measurement/schuepbach 201 - - 14.406 ms
POST /measurement/schuepbach 201 - - 13.110 ms
POST /measurement/schuepbach 201 - - 19.837 ms
POST /measurement/schuepbach 201 - - 14.704 ms
POST /measurement/schuepbach 201 - - 24.606 ms
POST /measurement/schuepbach 201 - - 16.446 ms
POST /measurement/schuepbach 201 - - 18.173 ms
POST /measurement/schuepbach 201 - - 14.543 ms
POST /measurement/schuepbach 201 - - 14.908 ms
POST /measurement/schuepbach 201 - - 14.517 ms
POST /measurement/schuepbach 201 - - 16.310 ms
POST /measurement/schuepbach 201 - - 15.876 ms
POST /measurement/schuepbach 201 - - 19.330 ms
POST /measurement/schuepbach 201 - - 15.125 ms
POST /measurement/schuepbach 201 - - 17.276 ms
POST /measurement/schuepbach 201 - - 14.461 ms
POST /measurement/schuepbach 201 - - 16.473 ms
POST /measurement/schuepbach 201 - - 16.025 ms
POST /measurement/schuepbach 201 - - 14.809 ms
POST /measurement/schuepbach 201 - - 18.918 ms
POST /measurement/schuepbach 201 - - 16.711 ms
POST /measurement/schuepbach 201 - - 15.784 ms
POST /measurement/schuepbach 201 - - 14.304 ms
POST /measurement/schuepbach 201 - - 15.880 ms
POST /measurement/schuepbach 201 - - 15.065 ms
POST /measurement/schuepbach 201 - - 20.167 ms
POST /measurement/schuepbach 201 - - 14.641 ms
POST /measurement/schuepbach 201 - - 14.433 ms
POST /measurement/schuepbach 201 - - 14.340 ms
POST /measurement/schuepbach 201 - - 14.004 ms
POST /measurement/schuepbach 201 - - 14.610 ms
POST /measurement/schuepbach 201 - - 14.625 ms
POST /measurement/schuepbach 201 - - 13.744 ms
POST /measurement/schuepbach 201 - - 14.852 ms
POST /measurement/schuepbach 201 - - 15.452 ms
POST /measurement/schuepbach 201 - - 17.952 ms
POST /measurement/schuepbach 201 - - 13.364 ms
POST /measurement/schuepbach 201 - - 15.777 ms
POST /measurement/schuepbach 201 - - 17.222 ms
POST /measurement/schuepbach 201 - - 14.809 ms
POST /measurement/schuepbach 201 - - 15.007 ms
POST /measurement/schuepbach 201 - - 15.213 ms
POST /measurement/schuepbach 201 - - 15.593 ms
POST /measurement/schuepbach 201 - - 18.058 ms
POST /measurement/schuepbach 201 - - 14.694 ms
POST /measurement/schuepbach 201 - - 15.405 ms
POST /measurement/schuepbach 201 - - 14.663 ms
POST /measurement/schuepbach 201 - - 26.026 ms
POST /measurement/schuepbach 201 - - 15.179 ms
POST /measurement/schuepbach 201 - - 13.652 ms
POST /measurement/schuepbach 201 - - 15.162 ms
POST /measurement/schuepbach 201 - - 14.914 ms
POST /measurement/schuepbach 201 - - 15.364 ms
POST /measurement/schuepbach 201 - - 21.669 ms
POST /measurement/schuepbach 201 - - 14.356 ms
POST /measurement/schuepbach 201 - - 14.768 ms
POST /measurement/schuepbach 201 - - 13.968 ms
POST /measurement/schuepbach 201 - - 14.635 ms
POST /measurement/schuepbach 201 - - 13.174 ms
POST /measurement/schuepbach 201 - - 15.048 ms
POST /measurement/schuepbach 201 - - 15.428 ms
POST /measurement/schuepbach 201 - - 18.263 ms
POST /measurement/schuepbach 201 - - 14.451 ms
POST /measurement/schuepbach 201 - - 15.677 ms
POST /measurement/schuepbach 201 - - 19.147 ms
POST /measurement/schuepbach 201 - - 18.331 ms
POST /measurement/schuepbach 201 - - 16.360 ms
POST /measurement/schuepbach 201 - - 15.777 ms
POST /measurement/schuepbach 201 - - 15.398 ms
POST /measurement/schuepbach 201 - - 32.405 ms
POST /measurement/schuepbach 201 - - 13.373 ms
POST /measurement/schuepbach 201 - - 17.965 ms
POST /measurement/schuepbach 201 - - 15.497 ms
POST /measurement/schuepbach 201 - - 13.189 ms
POST /measurement/schuepbach 201 - - 15.743 ms
POST /measurement/schuepbach 201 - - 15.522 ms
POST /measurement/schuepbach 201 - - 18.280 ms
POST /measurement/schuepbach 201 - - 15.124 ms
POST /measurement/schuepbach 201 - - 23.659 ms
POST /measurement/schuepbach 201 - - 16.576 ms
POST /measurement/schuepbach 201 - - 15.290 ms
POST /measurement/schuepbach 201 - - 17.309 ms
POST /measurement/schuepbach 201 - - 15.137 ms
POST /measurement/schuepbach 201 - - 13.865 ms
POST /measurement/schuepbach 201 - - 15.277 ms
POST /measurement/schuepbach 201 - - 15.653 ms
POST /measurement/schuepbach 201 - - 15.062 ms
POST /measurement/schuepbach 201 - - 14.518 ms
POST /measurement/schuepbach 201 - - 14.514 ms
POST /measurement/schuepbach 201 - - 14.164 ms
POST /measurement/schuepbach 201 - - 15.398 ms
POST /measurement/schuepbach 201 - - 15.646 ms
POST /measurement/schuepbach 201 - - 15.852 ms
POST /measurement/schuepbach 201 - - 16.428 ms
POST /measurement/schuepbach 201 - - 15.720 ms
POST /measurement/schuepbach 201 - - 13.474 ms
POST /measurement/schuepbach 201 - - 16.526 ms
POST /measurement/schuepbach 201 - - 13.784 ms
POST /measurement/schuepbach 201 - - 13.644 ms
POST /measurement/schuepbach 201 - - 14.013 ms
POST /measurement/schuepbach 201 - - 20.053 ms
POST /measurement/schuepbach 201 - - 15.802 ms
POST /measurement/schuepbach 201 - - 15.165 ms
POST /measurement/schuepbach 201 - - 13.171 ms
POST /measurement/schuepbach 201 - - 19.188 ms
POST /measurement/schuepbach 201 - - 14.572 ms
POST /measurement/schuepbach 201 - - 14.549 ms
POST /measurement/schuepbach 201 - - 13.772 ms
POST /measurement/schuepbach 201 - - 15.714 ms
POST /measurement/schuepbach 201 - - 15.338 ms
POST /measurement/schuepbach 201 - - 14.450 ms
POST /measurement/schuepbach 201 - - 14.178 ms
POST /measurement/schuepbach 201 - - 14.613 ms
POST /measurement/schuepbach 201 - - 16.651 ms
POST /measurement/schuepbach 201 - - 30.992 ms
POST /measurement/schuepbach 201 - - 17.111 ms
POST /measurement/schuepbach 201 - - 14.716 ms
POST /measurement/schuepbach 201 - - 14.191 ms
POST /measurement/schuepbach 201 - - 13.480 ms
POST /measurement/schuepbach 201 - - 15.920 ms
POST /measurement/schuepbach 201 - - 16.841 ms
POST /measurement/setup_test 201 - - 14.818 ms
POST /measurement/setup_test 201 - - 20.924 ms
POST /measurement/setup_test 201 - - 21.644 ms
POST /measurement/setup_test 201 - - 14.355 ms
POST /measurement/schuepbach 201 - - 14.410 ms
POST /measurement/schuepbach 201 - - 15.713 ms
POST /measurement/schuepbach 201 - - 17.479 ms
POST /measurement/schuepbach 201 - - 13.225 ms
POST /measurement/schuepbach 201 - - 18.070 ms
POST /measurement/schuepbach 201 - - 16.630 ms
POST /measurement/schuepbach 201 - - 17.157 ms
POST /measurement/schuepbach 201 - - 14.926 ms
POST /measurement/schuepbach 201 - - 15.781 ms
POST /measurement/schuepbach 201 - - 15.064 ms
POST /measurement/schuepbach 201 - - 14.064 ms
POST /measurement/schuepbach 201 - - 14.526 ms
POST /measurement/schuepbach 201 - - 13.831 ms
POST /measurement/schuepbach 201 - - 14.346 ms
POST /measurement/schuepbach 201 - - 13.905 ms
POST /measurement/schuepbach 201 - - 14.661 ms
POST /measurement/schuepbach 201 - - 13.530 ms
POST /measurement/schuepbach 201 - - 14.878 ms
POST /measurement/schuepbach 201 - - 14.523 ms
POST /measurement/schuepbach 201 - - 14.199 ms
POST /measurement/schuepbach 201 - - 13.992 ms
POST /measurement/schuepbach 201 - - 13.989 ms
POST /measurement/schuepbach 201 - - 12.899 ms
POST /measurement/schuepbach 201 - - 12.089 ms
POST /measurement/schuepbach 201 - - 13.778 ms
POST /measurement/schuepbach 201 - - 16.168 ms
POST /measurement/schuepbach 201 - - 14.219 ms
POST /measurement/schuepbach 201 - - 12.939 ms
POST /measurement/schuepbach 201 - - 14.952 ms
POST /measurement/schuepbach 201 - - 13.675 ms
POST /measurement/schuepbach 201 - - 13.549 ms
POST /measurement/schuepbach 201 - - 14.244 ms
POST /measurement/schuepbach 201 - - 14.947 ms
POST /measurement/schuepbach 201 - - 13.772 ms
POST /measurement/schuepbach 201 - - 14.374 ms
POST /measurement/schuepbach 201 - - 13.605 ms
POST /measurement/schuepbach 201 - - 15.607 ms
POST /measurement/schuepbach 201 - - 14.111 ms
POST /measurement/schuepbach 201 - - 13.504 ms
POST /measurement/schuepbach 201 - - 12.925 ms
POST /measurement/schuepbach 201 - - 26.454 ms
POST /measurement/schuepbach 201 - - 13.809 ms
POST /measurement/schuepbach 201 - - 15.604 ms
POST /measurement/schuepbach 201 - - 13.312 ms
POST /measurement/schuepbach 201 - - 15.471 ms
POST /measurement/schuepbach 201 - - 13.813 ms
POST /measurement/schuepbach 201 - - 14.329 ms
POST /measurement/schuepbach 201 - - 14.024 ms
POST /measurement/schuepbach 201 - - 14.003 ms
POST /measurement/schuepbach 201 - - 12.265 ms
POST /measurement/schuepbach 201 - - 21.384 ms
POST /measurement/schuepbach 201 - - 13.827 ms
POST /measurement/schuepbach 201 - - 16.071 ms
POST /measurement/schuepbach 201 - - 13.968 ms
POST /measurement/schuepbach 201 - - 14.416 ms
POST /measurement/schuepbach 201 - - 13.651 ms
POST /measurement/schuepbach 201 - - 13.202 ms
POST /measurement/schuepbach 201 - - 15.233 ms
POST /measurement/schuepbach 201 - - 15.937 ms
POST /measurement/schuepbach 201 - - 13.347 ms
POST /measurement/schuepbach 201 - - 13.879 ms
POST /measurement/schuepbach 201 - - 13.346 ms
POST /measurement/schuepbach 201 - - 14.833 ms
POST /measurement/schuepbach 201 - - 13.661 ms
POST /measurement/schuepbach 201 - - 13.951 ms
POST /measurement/schuepbach 201 - - 16.112 ms
POST /measurement/schuepbach 201 - - 13.256 ms
POST /measurement/schuepbach 201 - - 13.115 ms
POST /measurement/schuepbach 201 - - 16.823 ms
POST /measurement/schuepbach 201 - - 14.376 ms
POST /measurement/schuepbach 201 - - 16.933 ms
POST /measurement/schuepbach 201 - - 15.273 ms
POST /measurement/schuepbach 201 - - 18.726 ms
POST /measurement/schuepbach 201 - - 15.306 ms
POST /measurement/schuepbach 201 - - 15.486 ms
POST /measurement/schuepbach 201 - - 16.548 ms
POST /measurement/schuepbach 201 - - 14.260 ms
POST /measurement/schuepbach 201 - - 14.248 ms
POST /measurement/schuepbach 201 - - 16.819 ms
POST /measurement/schuepbach 201 - - 16.179 ms
POST /measurement/schuepbach 201 - - 15.685 ms
POST /measurement/schuepbach 201 - - 16.084 ms
POST /measurement/schuepbach 201 - - 16.010 ms
POST /measurement/schuepbach 201 - - 15.256 ms
POST /measurement/schuepbach 201 - - 14.873 ms
POST /measurement/schuepbach 201 - - 14.602 ms
POST /measurement/schuepbach 201 - - 16.827 ms
POST /measurement/schuepbach 201 - - 16.672 ms
POST /measurement/schuepbach 201 - - 33.281 ms
POST /measurement/schuepbach 201 - - 16.496 ms
POST /measurement/schuepbach 201 - - 18.878 ms
POST /measurement/schuepbach 201 - - 14.707 ms
POST /measurement/schuepbach 201 - - 15.092 ms
POST /measurement/schuepbach 201 - - 16.726 ms
POST /measurement/schuepbach 201 - - 13.714 ms
POST /measurement/schuepbach 201 - - 14.542 ms
POST /measurement/schuepbach 201 - - 16.152 ms
POST /measurement/schuepbach 201 - - 15.704 ms
POST /measurement/schuepbach 201 - - 14.115 ms
POST /measurement/schuepbach 201 - - 15.015 ms
POST /measurement/schuepbach 201 - - 14.220 ms
POST /measurement/schuepbach 201 - - 14.355 ms
POST /measurement/schuepbach 201 - - 16.108 ms
POST /measurement/schuepbach 201 - - 16.626 ms
POST /measurement/schuepbach 201 - - 15.363 ms
POST /measurement/schuepbach 201 - - 13.650 ms
POST /measurement/schuepbach 201 - - 18.891 ms
POST /measurement/schuepbach 201 - - 64.355 ms
POST /measurement/schuepbach 201 - - 15.678 ms
POST /measurement/schuepbach 201 - - 14.960 ms
POST /measurement/schuepbach 201 - - 14.455 ms
POST /measurement/schuepbach 201 - - 14.009 ms
POST /measurement/schuepbach 201 - - 14.096 ms
POST /measurement/schuepbach 201 - - 13.863 ms
POST /measurement/schuepbach 201 - - 14.113 ms
POST /measurement/schuepbach 201 - - 13.509 ms
POST /measurement/schuepbach 201 - - 14.081 ms
POST /measurement/schuepbach 201 - - 13.938 ms
POST /measurement/schuepbach 201 - - 15.136 ms
POST /measurement/schuepbach 201 - - 17.189 ms
POST /measurement/schuepbach 201 - - 15.041 ms
POST /measurement/schuepbach 201 - - 15.380 ms
POST /measurement/schuepbach 201 - - 14.937 ms
POST /measurement/schuepbach 201 - - 15.084 ms
POST /measurement/schuepbach 201 - - 14.742 ms
POST /measurement/schuepbach 201 - - 14.357 ms
POST /measurement/schuepbach 201 - - 14.922 ms
POST /measurement/schuepbach 201 - - 15.621 ms
POST /measurement/schuepbach 201 - - 14.484 ms
POST /measurement/schuepbach 201 - - 14.540 ms
POST /measurement/schuepbach 201 - - 16.843 ms
POST /measurement/schuepbach 201 - - 13.583 ms
POST /measurement/schuepbach 201 - - 14.576 ms
POST /measurement/schuepbach 201 - - 15.931 ms
POST /measurement/schuepbach 201 - - 15.723 ms
POST /measurement/schuepbach 201 - - 15.679 ms
POST /measurement/schuepbach 201 - - 17.987 ms
POST /measurement/schuepbach 201 - - 15.622 ms
POST /measurement/schuepbach 201 - - 15.332 ms
POST /measurement/schuepbach 201 - - 15.403 ms
POST /measurement/schuepbach 201 - - 18.252 ms
POST /measurement/schuepbach 201 - - 15.216 ms
POST /measurement/schuepbach 201 - - 18.375 ms
POST /measurement/schuepbach 201 - - 15.795 ms
POST /measurement/schuepbach 201 - - 18.653 ms
POST /measurement/schuepbach 201 - - 20.753 ms
POST /measurement/schuepbach 201 - - 15.993 ms
POST /measurement/schuepbach 201 - - 18.365 ms
POST /measurement/schuepbach 201 - - 17.394 ms
POST /measurement/schuepbach 201 - - 14.933 ms
POST /measurement/schuepbach 201 - - 12.613 ms
POST /measurement/schuepbach 201 - - 14.683 ms
POST /measurement/schuepbach 201 - - 14.396 ms
POST /measurement/schuepbach 201 - - 15.549 ms
POST /measurement/schuepbach 201 - - 14.399 ms
POST /measurement/schuepbach 201 - - 15.361 ms
POST /measurement/schuepbach 201 - - 14.662 ms
POST /measurement/schuepbach 201 - - 14.932 ms
POST /measurement/schuepbach 201 - - 15.483 ms
POST /measurement/schuepbach 201 - - 13.749 ms
POST /measurement/schuepbach 201 - - 15.502 ms
POST /measurement/schuepbach 201 - - 15.438 ms
POST /measurement/schuepbach 201 - - 17.631 ms
POST /measurement/schuepbach 201 - - 19.832 ms
POST /measurement/schuepbach 201 - - 18.428 ms
POST /measurement/schuepbach 201 - - 13.683 ms
POST /measurement/schuepbach 201 - - 15.350 ms
POST /measurement/schuepbach 201 - - 24.662 ms
POST /measurement/schuepbach 201 - - 17.690 ms
POST /measurement/schuepbach 201 - - 15.990 ms
POST /measurement/schuepbach 201 - - 15.380 ms
POST /measurement/schuepbach 201 - - 15.202 ms
POST /measurement/schuepbach 201 - - 16.357 ms
POST /measurement/schuepbach 201 - - 14.998 ms
POST /measurement/schuepbach 201 - - 15.493 ms
POST /measurement/schuepbach 201 - - 18.462 ms
POST /measurement/schuepbach 201 - - 14.584 ms
POST /measurement/schuepbach 201 - - 14.247 ms
POST /measurement/schuepbach 201 - - 14.023 ms
POST /measurement/schuepbach 201 - - 15.128 ms
POST /measurement/schuepbach 201 - - 14.879 ms
POST /measurement/schuepbach 201 - - 16.901 ms
POST /measurement/schuepbach 201 - - 16.173 ms
POST /measurement/schuepbach 201 - - 13.655 ms
POST /measurement/schuepbach 201 - - 14.743 ms
POST /measurement/schuepbach 201 - - 14.513 ms
POST /measurement/schuepbach 201 - - 15.627 ms
POST /measurement/schuepbach 201 - - 15.432 ms
POST /measurement/schuepbach 201 - - 15.308 ms
POST /measurement/schuepbach 201 - - 14.237 ms
POST /measurement/schuepbach 201 - - 14.793 ms
POST /measurement/schuepbach 201 - - 15.136 ms
POST /measurement/schuepbach 201 - - 13.598 ms
POST /measurement/schuepbach 201 - - 13.485 ms
POST /measurement/schuepbach 201 - - 13.788 ms
POST /measurement/schuepbach 201 - - 14.224 ms
POST /measurement/schuepbach 201 - - 14.387 ms
POST /measurement/schuepbach 201 - - 16.385 ms
POST /measurement/schuepbach 201 - - 18.005 ms
POST /measurement/schuepbach 201 - - 15.451 ms
POST /measurement/schuepbach 201 - - 15.612 ms
POST /measurement/schuepbach 201 - - 18.224 ms
POST /measurement/schuepbach 201 - - 15.286 ms
POST /measurement/schuepbach 201 - - 18.815 ms
POST /measurement/schuepbach 201 - - 15.809 ms
POST /measurement/schuepbach 201 - - 23.818 ms
POST /measurement/schuepbach 201 - - 15.870 ms
POST /measurement/schuepbach 201 - - 21.799 ms
POST /measurement/schuepbach 201 - - 15.330 ms
POST /measurement/schuepbach 201 - - 14.157 ms
POST /measurement/schuepbach 201 - - 16.206 ms
POST /measurement/schuepbach 201 - - 13.236 ms
POST /measurement/schuepbach 201 - - 13.582 ms
POST /measurement/schuepbach 201 - - 13.362 ms
POST /measurement/schuepbach 201 - - 15.505 ms
POST /measurement/schuepbach 201 - - 14.648 ms
POST /measurement/schuepbach 201 - - 14.808 ms
POST /measurement/schuepbach 201 - - 14.024 ms
POST /measurement/schuepbach 201 - - 16.298 ms
POST /measurement/schuepbach 201 - - 16.935 ms
POST /measurement/schuepbach 201 - - 14.768 ms
POST /measurement/schuepbach 201 - - 15.141 ms
POST /measurement/schuepbach 201 - - 16.140 ms
POST /measurement/schuepbach 201 - - 14.754 ms
POST /measurement/schuepbach 201 - - 15.123 ms
POST /measurement/schuepbach 201 - - 14.256 ms
POST /measurement/schuepbach 201 - - 15.938 ms
POST /measurement/schuepbach 201 - - 14.066 ms
POST /measurement/schuepbach 201 - - 21.095 ms
POST /measurement/schuepbach 201 - - 14.523 ms
POST /measurement/schuepbach 201 - - 15.731 ms
POST /measurement/schuepbach 201 - - 19.554 ms
POST /measurement/schuepbach 201 - - 15.990 ms
POST /measurement/schuepbach 201 - - 17.009 ms
POST /measurement/schuepbach 201 - - 15.147 ms
POST /measurement/schuepbach 201 - - 13.390 ms
POST /measurement/schuepbach 201 - - 15.072 ms
POST /measurement/schuepbach 201 - - 13.114 ms
POST /measurement/schuepbach 201 - - 15.455 ms
POST /measurement/schuepbach 201 - - 15.759 ms
POST /measurement/schuepbach 201 - - 16.230 ms
POST /measurement/schuepbach 201 - - 13.530 ms
POST /measurement/schuepbach 201 - - 15.837 ms
POST /measurement/schuepbach 201 - - 16.375 ms
POST /measurement/schuepbach 201 - - 17.622 ms
POST /measurement/schuepbach 201 - - 13.028 ms
POST /measurement/schuepbach 201 - - 13.771 ms
POST /measurement/schuepbach 201 - - 13.838 ms
POST /measurement/schuepbach 201 - - 16.018 ms
POST /measurement/schuepbach 201 - - 14.580 ms
POST /measurement/schuepbach 201 - - 13.794 ms
POST /measurement/schuepbach 201 - - 13.324 ms
POST /measurement/schuepbach 201 - - 469.284 ms
POST /measurement/schuepbach 201 - - 69.950 ms
POST /measurement/schuepbach 201 - - 15.166 ms
POST /measurement/schuepbach 201 - - 14.211 ms
POST /measurement/schuepbach 201 - - 195.615 ms
POST /measurement/schuepbach 201 - - 13.620 ms
POST /measurement/schuepbach 201 - - 15.993 ms
POST /measurement/schuepbach 201 - - 41.156 ms
POST /measurement/schuepbach 201 - - 33.829 ms
POST /measurement/schuepbach 201 - - 131.256 ms
POST /measurement/schuepbach 201 - - 58.078 ms
POST /measurement/schuepbach 201 - - 14.906 ms
POST /measurement/schuepbach 201 - - 14.624 ms
POST /measurement/schuepbach 201 - - 14.718 ms
POST /measurement/schuepbach 201 - - 144.312 ms
POST /measurement/schuepbach 201 - - 55.206 ms
POST /measurement/schuepbach 201 - - 15.821 ms
POST /measurement/schuepbach 201 - - 30.749 ms
POST /measurement/schuepbach 201 - - 68.586 ms
POST /measurement/schuepbach 201 - - 13.936 ms
POST /measurement/schuepbach 201 - - 198.495 ms
POST /measurement/schuepbach 201 - - 20.029 ms
POST /measurement/schuepbach 201 - - 65.312 ms
POST /measurement/schuepbach 201 - - 45.324 ms
POST /measurement/schuepbach 201 - - 14.769 ms
POST /measurement/schuepbach 201 - - 16.657 ms
POST /measurement/schuepbach 201 - - 53.963 ms
POST /measurement/schuepbach 201 - - 26.961 ms
POST /measurement/schuepbach 201 - - 14.101 ms
POST /measurement/schuepbach 201 - - 25.349 ms
POST /measurement/schuepbach 201 - - 13.257 ms
POST /measurement/schuepbach 201 - - 14.171 ms
POST /measurement/schuepbach 201 - - 18.625 ms
POST /measurement/schuepbach 201 - - 173.246 ms
POST /measurement/schuepbach 201 - - 20.916 ms
POST /measurement/schuepbach 201 - - 12395.360 ms
POST /measurement/schuepbach 201 - - 975.488 ms
POST /measurement/schuepbach 201 - - 11696.207 ms
POST /measurement/schuepbach 201 - - 6731.032 ms
POST /measurement/schuepbach 201 - - 176.847 ms
POST /measurement/schuepbach 201 - - 15.408 ms
POST /measurement/schuepbach 201 - - 161.962 ms
POST /measurement/schuepbach 201 - - 13.289 ms
POST /measurement/schuepbach 201 - - 21.078 ms
POST /measurement/schuepbach 201 - - 13.879 ms
POST /measurement/schuepbach 201 - - 16.339 ms
POST /measurement/schuepbach 201 - - 17.811 ms
POST /measurement/schuepbach 201 - - 48.320 ms
POST /measurement/schuepbach 201 - - 75.313 ms
POST /measurement/schuepbach 201 - - 162.860 ms
POST /measurement/schuepbach 201 - - 32.090 ms
POST /measurement/schuepbach 201 - - 14.550 ms
POST /measurement/schuepbach 201 - - 154.832 ms
POST /measurement/schuepbach 201 - - 19.755 ms
POST /measurement/schuepbach 201 - - 16.646 ms
POST /measurement/schuepbach 201 - - 58.825 ms
POST /measurement/schuepbach 201 - - 16.614 ms
POST /measurement/schuepbach 201 - - 17.569 ms
POST /measurement/schuepbach 201 - - 39.532 ms
POST /measurement/schuepbach 201 - - 16.423 ms
POST /measurement/schuepbach 201 - - 15.892 ms
POST /measurement/schuepbach 201 - - 74.852 ms
POST /measurement/schuepbach 201 - - 14.987 ms
POST /measurement/schuepbach 201 - - 18.266 ms
POST /measurement/schuepbach 201 - - 13.114 ms
POST /measurement/schuepbach 201 - - 13.922 ms
POST /measurement/schuepbach 201 - - 79.843 ms
POST /measurement/schuepbach 201 - - 14.378 ms
POST /measurement/schuepbach 201 - - 13.483 ms
POST /measurement/schuepbach 201 - - 55.889 ms
POST /measurement/schuepbach 201 - - 77.299 ms
POST /measurement/schuepbach 201 - - 15.292 ms
POST /measurement/schuepbach 201 - - 14.317 ms
POST /measurement/schuepbach 201 - - 14.496 ms
POST /measurement/schuepbach 201 - - 109.664 ms
POST /measurement/schuepbach 201 - - 348.088 ms
POST /measurement/schuepbach 201 - - 17.404 ms
POST /measurement/schuepbach 201 - - 17.847 ms
POST /measurement/schuepbach 201 - - 13.249 ms
POST /measurement/schuepbach 201 - - 14.105 ms
POST /measurement/schuepbach 201 - - 14.010 ms
POST /measurement/schuepbach 201 - - 15.771 ms
POST /measurement/schuepbach 201 - - 14.531 ms
POST /measurement/schuepbach 201 - - 28.223 ms
POST /measurement/schuepbach 201 - - 15.168 ms
POST /measurement/schuepbach 201 - - 76.119 ms
POST /measurement/schuepbach 201 - - 33.675 ms
POST /measurement/schuepbach 201 - - 129.433 ms
POST /measurement/schuepbach 201 - - 16.376 ms
POST /measurement/schuepbach 201 - - 15.527 ms
POST /measurement/schuepbach 201 - - 18.311 ms
POST /measurement/schuepbach 201 - - 17.461 ms
POST /measurement/schuepbach 201 - - 27.695 ms
POST /measurement/schuepbach 201 - - 104.211 ms
POST /measurement/schuepbach 201 - - 85.567 ms
POST /measurement/schuepbach 201 - - 15.992 ms
POST /measurement/schuepbach 201 - - 24.159 ms
POST /measurement/schuepbach 201 - - 89.498 ms
POST /measurement/schuepbach 201 - - 24.025 ms
POST /measurement/schuepbach 201 - - 66.370 ms
POST /measurement/schuepbach 201 - - 41.136 ms
POST /measurement/schuepbach 201 - - 100.721 ms
POST /measurement/schuepbach 201 - - 15.067 ms
POST /measurement/schuepbach 201 - - 15.936 ms
POST /measurement/schuepbach 201 - - 19.679 ms
POST /measurement/schuepbach 201 - - 17.108 ms
POST /measurement/schuepbach 201 - - 14.209 ms
POST /measurement/schuepbach 201 - - 17.457 ms
POST /measurement/schuepbach 201 - - 30.191 ms
POST /measurement/schuepbach 201 - - 14.266 ms
POST /measurement/schuepbach 201 - - 14.719 ms
POST /measurement/schuepbach 201 - - 71.248 ms
POST /measurement/schuepbach 201 - - 251.999 ms
POST /measurement/schuepbach 201 - - 83.820 ms
POST /measurement/schuepbach 201 - - 48.057 ms
POST /measurement/schuepbach 201 - - 106.392 ms
POST /measurement/schuepbach 201 - - 17.357 ms
POST /measurement/schuepbach 201 - - 14.416 ms
POST /measurement/schuepbach 201 - - 31.566 ms
POST /measurement/schuepbach 201 - - 16.248 ms
POST /measurement/schuepbach 201 - - 67.574 ms
POST /measurement/schuepbach 201 - - 14.940 ms
POST /measurement/schuepbach 201 - - 100.381 ms
POST /measurement/schuepbach 201 - - 15.882 ms
POST /measurement/schuepbach 201 - - 14.883 ms
POST /measurement/schuepbach 201 - - 13.790 ms
POST /measurement/schuepbach 201 - - 17.368 ms
POST /measurement/schuepbach 201 - - 113.160 ms
POST /measurement/schuepbach 201 - - 18.091 ms
POST /measurement/schuepbach 201 - - 21.680 ms
GET / 404 139 - 4.405 ms
GET / 404 139 - 0.582 ms
GET / 404 139 - 0.312 ms
GET / 404 139 - 0.552 ms
GET / 404 139 - 0.771 ms
